<?xml version="1.0" encoding="UTF-8"?><testsuites failures="0" name="dependency-check" tests="1"><testsuite failures="0" id="0" name="/var/m2/repository/log4j/log4j/1.2.17/log4j-1.2.17.jar" package="log4j-1.2.17.jar" skipped="2" tests="2" timestamp="2020-10-17T15:43:40.288"><testcase classname="CVE-2020-9488" name="pkg:maven/log4j/log4j@1.2.17"><skipped message="Log4J SocketServer is not used, so not vulnerable" /><system-out>Improper validation of certificate with host mismatch in Apache Log4j SMTP appender. This could allow an SMTPS connection to be intercepted by a man-in-the-middle attack which could leak any log messages sent through that appender.</system-out><system-err>location: /var/m2/repository/log4j/log4j/1.2.17/log4j-1.2.17.jar</system-err></testcase><testcase classname="CVE-2019-17571" name="pkg:maven/log4j/log4j@1.2.17"><skipped message="Log4J SocketServer is not used, so not vulnerable" /><system-out>Included in Log4j 1.2 is a SocketServer class that is vulnerable to deserialization of untrusted data which can be exploited to remotely execute arbitrary code when combined with a deserialization gadget when listening to untrusted network traffic for log data. This affects Log4j versions up to 1.2 up to 1.2.17.</system-out><system-err>location: /var/m2/repository/log4j/log4j/1.2.17/log4j-1.2.17.jar</system-err></testcase></testsuite></testsuites>